java.net.ConnectException: Connection refused: connect
	at java.net.PlainSocketImpl.socketConnect(Native Method)
	at java.net.PlainSocketImpl.doConnect(Unknown Source)
	at java.net.PlainSocketImpl.connectToAddress(Unknown Source)
	at java.net.PlainSocketImpl.connect(Unknown Source)
	at java.net.SocksSocketImpl.connect(Unknown Source)
	at java.net.Socket.connect(Unknown Source)
	at java.net.Socket.connect(Unknown Source)
	at java.net.Socket.<init>(Unknown Source)
	at java.net.Socket.<init>(Unknown Source)
	at iscas.tca.ake.test.swing.controler.ClientControlor.preProtocol(ClientControlor.java:88)
	at iscas.tca.ake.test.swing.controler.ClientControlor.runIt(ClientControlor.java:43)
	at iscas.tca.ake.test.swing.view.ClientFrame.btn_loginActionPerformed(ClientFrame.java:666)
	at iscas.tca.ake.test.swing.view.ClientFrame.access$1(ClientFrame.java:657)
	at iscas.tca.ake.test.swing.view.ClientFrame$3.actionPerformed(ClientFrame.java:176)
	at java.awt.Button.processActionEvent(Unknown Source)
	at java.awt.Button.processEvent(Unknown Source)
	atjava.io.EOFException
	at java.io.ObjectInputStream$PeekInputStream.readFully(Unknown Source)
	at java.io.ObjectInputStream$BlockDataInputStream.readShort(Unknown Source)
	at java.io.ObjectInputStream.readStreamHeader(Unknown Source)
	at java.io.ObjectInputStream.<init>(Unknown Source)
	at iscas.tca.ake.test.swing.module.tools.SendAndRecv.recvMsg(SendAndRecv.java:28)
	at iscas.tca.ake.test.swing.module.MyServer.runProtocol(MyServer.java:83)
	at iscas.tca.ake.test.swing.module.MyServer.service(MyServer.java:150)
	at iscas.tca.ake.test.swing.controler.ServerContainer.run(ServerContainer.java:187)
	at java.util.concurrent.ThreadPoolExecutor$Worker.runTask(Unknown Source)
	at java.util.concurrent.ThreadPoolExecutor$Worker.run(Unknown Source)
	at java.lang.Thread.run(Unknown Source)
et.PlainSocketImpl.connect(Unknown Source)
	at java.net.SocksSocketImpl.connect(Unknown Source)
	at java.net.Socket.connect(Unknown Source)
	at java.net.Socket.connect(Unknown Source)
	at iscas.tca.ake.test.swing.module.bulletin.ClientBulletin.run(ClientBulletin.java:33)
	at java.util.concurrent.ThreadPoolExecutor$Worker.runTask(Unknown Source)
	at java.util.concurrent.ThreadPoolExecutor$Worker.run(Unknown Source)
	at java.lang.Thread.run(Unknown Source)
java.lang.NullPointerException
	at iscas.tca.ake.veap.VEAPClient.generateVerify(VEAPClient.java:203)
	at iscas.tca.ake.veap.VEAPClient.processMessage(VEAPClient.java:164)
	at iscas.tca.ake.test.swing.module.MyClient.runClient(MyClient.java:159)
	at iscas.tca.ake.test.swing.module.MyClient.service(MyClient.java:127)
	at iscas.tca.ake.test.swing.controler.ClientControlor.runIt(ClientControlor.java:48)
	at iscas.tca.ake.test.swing.view.ClientFrame.btn_loginActionPerformed(ClientFrame.java:666)
	at iscas.tca.ake.test.swing.view.ClientFrame.access$1(ClientFrame.java:657)
	at iscas.tca.ake.test.swing.view.ClientFrame$3.actionPerformed(ClientFrame.java:176)
	at java.awt.Button.processActionEvent(Unknown Source)
	at java.awt.Button.processEvent(Unknown Source)
	at java.awt.Component.dispatchEventImpl(Unknown Source)
	at java.awt.Component.dispatchEvent(Unknown Source)
	at java.awt.EventQueue.dispatchEvent(Unknown Source)
	at java.awt.EventDispatchThread.pumpOneEventForFilters(Unknown Source)
	at java.awt.EventDispatchThread.pumpEventsForFilter(Unknown Source)
	at java.awt.EventDispatchThread.pumpEventsForHierarchy(Unknown Source)
	at java.awt.EventDispatchThread.pumpEvents(Unknown Source)
	at java.awt.EventDispatchThread.pumpEvents(Unknown Source)
	at java.awt.EventDispatchThread.run(Unknown Source)
